<?xml version="1.0" encoding="UTF-8"?>
<robot generator="Robot 3.2.2 (Python 3.10.1 on win32)" generated="20220311 20:41:44.064" rpa="false">
<suite id="s1" name="CreateNewSubmission" source="C:\Users\niraj\PycharmProjects\RFTSeleniumTutorial\Tests\CreateNewSubmission.robot">
<test id="s1-t1" name="OMS Login">
<kw name="Open Browser To Login Page" library="OMSKeywords_Login">
<msg timestamp="20220311 20:41:44.630" level="INFO">Creating an instance of the Chrome WebDriver.</msg>
<msg timestamp="20220311 20:41:45.985" level="INFO">Opening url 'https://qa1.oms.oneshield.com/'</msg>
<msg timestamp="20220311 20:41:50.180" level="INFO">Slept 3 seconds</msg>
<msg timestamp="20220311 20:41:50.192" level="INFO">Page title is 'Oneshield | Log in'.</msg>
<msg timestamp="20220311 20:41:50.192" level="INFO">s:\python310\lib\site-packages\openpyxl\worksheet\_reader.py:312: UserWarning: Data Validation extension is not supported and will be removed
  warn(msg)</msg>
<status status="PASS" starttime="20220311 20:41:44.593" endtime="20220311 20:41:50.192"></status>
</kw>
<kw name="Enter Login Credentials" library="OMSKeywords_Login">
<msg timestamp="20220311 20:41:50.231" level="INFO">Typing text 'Falcon' into text field 'xpath://*[@id="TanentID"]'.</msg>
<msg timestamp="20220311 20:41:50.243" level="INFO">Typing text 'Falcon' into text field 'xpath://*[@id="tbClientId"]'.</msg>
<msg timestamp="20220311 20:41:50.344" level="INFO">Typing text 'NA_Falcon' into text field 'xpath://*[@id="tbEmailRAD"]'.</msg>
<msg timestamp="20220311 20:41:50.416" level="INFO">Typing password into text field 'xpath://*[@id="tbPasswordRAD"]'.</msg>
<msg timestamp="20220311 20:41:50.449" level="INFO">Temporally setting log level to: NONE</msg>
<msg timestamp="20220311 20:41:50.486" level="INFO">Log level changed from NONE to INFO.</msg>
<msg timestamp="20220311 20:41:53.496" level="INFO">Slept 3 seconds</msg>
<status status="PASS" starttime="20220311 20:41:50.192" endtime="20220311 20:41:53.496"></status>
</kw>
<kw name="Submit Credentials" library="OMSKeywords_Login">
<msg timestamp="20220311 20:41:53.496" level="INFO">Clicking button 'xpath:/html/body/div[1]/main/div/div/form/div[7]/div/button[1]'.</msg>
<msg timestamp="20220311 20:41:53.512" level="INFO">Clicking button 'xpath://*[@id="lblogin"]'.</msg>
<msg timestamp="20220311 20:41:58.652" level="INFO">Slept 3 seconds</msg>
<status status="PASS" starttime="20220311 20:41:53.496" endtime="20220311 20:41:58.653"></status>
</kw>
<kw name="Welcome Page Should Be Open" library="OMSKeywords_Login">
<msg timestamp="20220311 20:41:58.653" level="INFO">Page title is 'OMS'.</msg>
<status status="PASS" starttime="20220311 20:41:58.653" endtime="20220311 20:41:58.653"></status>
</kw>
<status status="PASS" starttime="20220311 20:41:44.593" endtime="20220311 20:41:58.653" critical="yes"></status>
</test>
<test id="s1-t2" name="Create New Submission">
<kw name="Go To New Submissions Tab" library="OMSKeywords_CreateNewSubmission">
<msg timestamp="20220311 20:41:58.669" level="INFO">Clicking element 'xpath://*[@id="ctl00_ucLeftMenu_rptMainMenu_ctl01_lbLeftMenuItem"]/span'.</msg>
<status status="PASS" starttime="20220311 20:41:58.669" endtime="20220311 20:42:00.352"></status>
</kw>
<kw name="Enter Details In Overview" library="OMSKeywords_CreateNewSubmission">
<msg timestamp="20220311 20:42:00.422" level="INFO">Element 'xpath://*[@id="ctl00__MainContent_mnuDataTabs"]/ul/li[1]/a/span' contains text 'Overview'.</msg>
<msg timestamp="20220311 20:42:00.422" level="INFO">Typing text 'Bally' into text field 'xpath://*[@id="ctl00__MainContent_ucDataCtrl__dc_org_insured_uid"]'.</msg>
<msg timestamp="20220311 20:42:01.510" level="INFO">Slept 1 second</msg>
<msg timestamp="20220311 20:42:01.510" level="INFO">Sending key(s) ('ARROW_DOWN',) to xpath://*[@id="ctl00__MainContent_ucDataCtrl__dc_org_insured_uid"] element.</msg>
<msg timestamp="20220311 20:42:01.827" level="INFO">Pressing special key ARROW_DOWN to element.</msg>
<msg timestamp="20220311 20:42:01.827" level="INFO">Releasing special key ARROW_DOWN.</msg>
<msg timestamp="20220311 20:42:02.860" level="INFO">Slept 1 second</msg>
<msg timestamp="20220311 20:42:02.860" level="INFO">Sending key(s) ('RETURN',) to xpath://*[@id="ctl00__MainContent_ucDataCtrl__dc_org_insured_uid"] element.</msg>
<msg timestamp="20220311 20:42:03.177" level="INFO">Pressing special key RETURN to element.</msg>
<msg timestamp="20220311 20:42:03.177" level="INFO">Releasing special key RETURN.</msg>
<msg timestamp="20220311 20:42:03.298" level="INFO">Clicking element 'id:ctl00__MainContent_ucDataCtrl__dc_org_broker_uid'.</msg>
<msg timestamp="20220311 20:42:05.500" level="INFO">Clicking element 'xpath://li[@class="rddlItem" and text()="Acrisure, LLC"]'.</msg>
<msg timestamp="20220311 20:42:05.674" level="INFO">Clicking element 'id:ctl00__MainContent_ucDataCtrl__dc_people_contact_uid'.</msg>
<msg timestamp="20220311 20:42:08.028" level="INFO">Clicking element 'xpath://li[@class="rddlItem" and text()="Palmisano, Dave"]'.</msg>
<msg timestamp="20220311 20:42:08.177" level="INFO">Clicking element 'id:ctl00__MainContent_ucDataCtrl__dc_program_code'.</msg>
<msg timestamp="20220311 20:42:10.252" level="INFO">Clicking element 'xpath://li[@class="rddlItem" and text()="Excess Follow form"]'.</msg>
<msg timestamp="20220311 20:42:10.343" level="INFO">Typing text '03/11/2022' into text field 'id:ctl00__MainContent_ucDataCtrl__dc_proposed_effective_date_dateInput'.</msg>
<msg timestamp="20220311 20:42:10.515" level="INFO">Clicking element 'id:ctl00__MainContent_ucDataCtrl__dc_people_underwriter_uid'.</msg>
<msg timestamp="20220311 20:42:12.586" level="INFO">Clicking element 'xpath://li[@class="rddlItem" and text()="Alluri, Niraja"]'.</msg>
<status status="PASS" starttime="20220311 20:42:00.352" endtime="20220311 20:42:12.683"></status>
</kw>
<kw name="Save New Submission" library="OMSKeywords_CreateNewSubmission">
<msg timestamp="20220311 20:42:12.684" level="INFO">Clicking button 'id:ctl00__MainContent_btnNext_input'.</msg>
<status status="PASS" starttime="20220311 20:42:12.684" endtime="20220311 20:42:21.872"></status>
</kw>
<status status="PASS" starttime="20220311 20:41:58.669" endtime="20220311 20:42:21.873" critical="yes"></status>
</test>
<test id="s1-t3" name="Change Range State">
<kw name="Change Range State If Required" library="OMSKeywords_ChangeRangeState">
<status status="PASS" starttime="20220311 20:42:21.875" endtime="20220311 20:42:21.929"></status>
</kw>
<status status="PASS" starttime="20220311 20:42:21.875" endtime="20220311 20:42:21.930" critical="yes"></status>
</test>
<test id="s1-t4" name="UW Questions">
<kw name="Go To UW Questions" library="OMSKeywords_UWQuestions">
<msg timestamp="20220311 20:42:21.933" level="INFO">Clicking element 'xpath://*[@id="ctl00__MainContent_mnuDataTabs"]/ul/li[2]'.</msg>
<status status="PASS" starttime="20220311 20:42:21.933" endtime="20220311 20:42:24.184"></status>
</kw>
<kw name="Add Policy Information" library="OMSKeywords_UWQuestions">
<msg timestamp="20220311 20:42:24.233" level="INFO">Typing text '2300000000' into text field 'id:ctl00__MainContent_ucDataCtrl__dc_money_1'.</msg>
<msg timestamp="20220311 20:42:24.339" level="INFO">Typing text '1863000000' into text field 'id:ctl00__MainContent_ucDataCtrl__dc_money_2'.</msg>
<msg timestamp="20220311 20:42:24.447" level="INFO">Typing text '961000000' into text field 'id:ctl00__MainContent_ucDataCtrl__dc_money_3'.</msg>
<msg timestamp="20220311 20:42:24.592" level="INFO">Clicking element 'id:ctl00__MainContent_ucDataCtrl__dc_code_1'.</msg>
<msg timestamp="20220311 20:42:26.695" level="INFO">Clicking element 'xpath://li[@class="rddlItem" and text()="Public Organizations"]'.</msg>
<msg timestamp="20220311 20:42:26.787" level="INFO">Typing text 'BALY' into text field 'id:ctl00__MainContent_ucDataCtrl__dc_text_10'.</msg>
<msg timestamp="20220311 20:42:26.944" level="INFO">The value is already selected</msg>
<status status="PASS" starttime="20220311 20:42:24.184" endtime="20220311 20:42:26.944"></status>
</kw>
<kw name="Add Underlying Insurance Risk Factors" library="OMSKeywords_UWQuestions">
<msg timestamp="20220311 20:42:27.037" level="INFO">Clicking element 'id:ctl00__MainContent_ucDataCtrl__dc_text_3'.</msg>
<msg timestamp="20220311 20:42:29.146" level="INFO">Clicking element 'xpath://li[@class="rddlItem" and text()="3 Medium Risk"]'.</msg>
<msg timestamp="20220311 20:42:29.275" level="INFO">Clicking element 'id:ctl00__MainContent_ucDataCtrl__dc_text_4'.</msg>
<msg timestamp="20220311 20:42:31.353" level="INFO">Clicking element 'xpath://li[@class="rddlItem" and text()="2 Low/Medium Risk"]'.</msg>
<msg timestamp="20220311 20:42:31.488" level="INFO">Clicking element 'id:ctl00__MainContent_ucDataCtrl__dc_text_5'.</msg>
<msg timestamp="20220311 20:42:33.560" level="INFO">Clicking element 'xpath://li[@class="rddlItem" and text()="2 Low/Medium Risk"]'.</msg>
<msg timestamp="20220311 20:42:33.679" level="INFO">Clicking element 'id:ctl00__MainContent_ucDataCtrl__dc_text_6'.</msg>
<msg timestamp="20220311 20:42:35.747" level="INFO">Clicking element 'xpath://li[@class="rddlItem" and text()="4 Medium/High Risk"]'.</msg>
<msg timestamp="20220311 20:42:35.870" level="INFO">Clicking element 'id:ctl00__MainContent_ucDataCtrl__dc_text_7'.</msg>
<msg timestamp="20220311 20:42:37.921" level="INFO">Clicking element 'xpath://li[@class="rddlItem" and text()="3 Medium Risk"]'.</msg>
<msg timestamp="20220311 20:42:38.046" level="INFO">Clicking element 'id:ctl00__MainContent_ucDataCtrl__dc_text_8'.</msg>
<msg timestamp="20220311 20:42:40.106" level="INFO">Clicking element 'xpath://li[@class="rddlItem" and text()="2 Low/Medium Risk"]'.</msg>
<msg timestamp="20220311 20:42:40.262" level="INFO">Clicking element 'id:ctl00__MainContent_ucDataCtrl__dc_text_9'.</msg>
<msg timestamp="20220311 20:42:42.342" level="INFO">Clicking element 'xpath://li[@class="rddlItem" and text()="4 Medium/High Risk"]'.</msg>
<status status="PASS" starttime="20220311 20:42:26.945" endtime="20220311 20:42:42.443"></status>
</kw>
<kw name="Save UW Questions" library="OMSKeywords_UWQuestions">
<msg timestamp="20220311 20:42:42.445" level="INFO">Clicking button 'id:ctl00__MainContent_btnNext_input'.</msg>
<msg timestamp="20220311 20:42:46.752" level="INFO">Slept 2 seconds</msg>
<msg timestamp="20220311 20:42:46.808" level="INFO">Element 'id:ctl00__MainContent_ucMessages_divInfoBox' contains text 'Record has been saved'.</msg>
<status status="PASS" starttime="20220311 20:42:42.444" endtime="20220311 20:42:46.808"></status>
</kw>
<status status="PASS" starttime="20220311 20:42:21.932" endtime="20220311 20:42:46.809" critical="yes"></status>
</test>
<test id="s1-t5" name="Modifiers">
<kw name="Go To Modifiers" library="OMSKeywords_Modifiers">
<status status="PASS" starttime="20220311 20:42:46.812" endtime="20220311 20:42:46.863"></status>
</kw>
<kw name="Add Coverage Modifiers" library="OMSKeywords_Modifiers">
<msg timestamp="20220311 20:42:46.990" level="INFO">Clicking element 'id:ctl00__MainContent_ucDataCtrl__dc_code_1'.</msg>
<msg timestamp="20220311 20:42:49.084" level="INFO">Clicking element 'xpath://li[@class="rddlItem" and text()="&gt;5 years (0.85-1.00)"]'.</msg>
<msg timestamp="20220311 20:42:49.164" level="INFO">Typing text '1' into text field 'id:ctl00__MainContent_ucDataCtrl__dc_number_3'.</msg>
<msg timestamp="20220311 20:42:49.340" level="INFO">Clicking element 'id:ctl00__MainContent_ucDataCtrl__dc_code_2'.</msg>
<msg timestamp="20220311 20:42:51.544" level="INFO">Clicking element 'xpath://li[@class="rddlItem" and text()="No activity in last 3 years / Low or no concern (0.80-1.20)"]'.</msg>
<msg timestamp="20220311 20:42:51.639" level="INFO">Typing text '0.95' into text field 'id:ctl00__MainContent_ucDataCtrl__dc_number_4'.</msg>
<msg timestamp="20220311 20:42:51.798" level="INFO">Clicking element 'id:ctl00__MainContent_ucDataCtrl__dc_code_3'.</msg>
<msg timestamp="20220311 20:42:54.017" level="INFO">Clicking element 'xpath://li[@class="rddlItem" and text()="None within last 12 months (0.90-1.20)"]'.</msg>
<msg timestamp="20220311 20:42:54.134" level="INFO">Typing text '1' into text field 'id:ctl00__MainContent_ucDataCtrl__dc_number_5'.</msg>
<msg timestamp="20220311 20:42:54.280" level="INFO">Clicking element 'id:ctl00__MainContent_ucDataCtrl__dc_code_4'.</msg>
<msg timestamp="20220311 20:42:56.492" level="INFO">Clicking element 'xpath://li[@class="rddlItem" and text()="Within 5-10 years (0.80-1.10)"]'.</msg>
<msg timestamp="20220311 20:42:56.591" level="INFO">Typing text '1' into text field 'id:ctl00__MainContent_ucDataCtrl__dc_number_6'.</msg>
<msg timestamp="20220311 20:42:56.742" level="INFO">Clicking element 'id:ctl00__MainContent_ucDataCtrl__dc_code_5'.</msg>
<msg timestamp="20220311 20:42:58.960" level="INFO">Clicking element 'xpath://li[@class="rddlItem" and text()="Potential Cost &lt;1% of assets (0.80-1.10)"]'.</msg>
<msg timestamp="20220311 20:42:59.066" level="INFO">Typing text '1' into text field 'id:ctl00__MainContent_ucDataCtrl__dc_number_7'.</msg>
<msg timestamp="20220311 20:42:59.231" level="INFO">Clicking element 'id:ctl00__MainContent_ucDataCtrl__dc_code_6'.</msg>
<msg timestamp="20220311 20:43:01.297" level="INFO">Clicking element 'xpath://li[@class="rddlItem" and text()="0% (1)"]'.</msg>
<msg timestamp="20220311 20:43:01.396" level="INFO">Typing text '1' into text field 'id:ctl00__MainContent_ucDataCtrl__dc_number_9'.</msg>
<msg timestamp="20220311 20:43:01.538" level="INFO">Clicking element 'id:ctl00__MainContent_ucDataCtrl__dc_code_7'.</msg>
<msg timestamp="20220311 20:43:03.753" level="INFO">Clicking element 'xpath://li[@class="rddlItem" and text()="Confident (0.85-1.00)"]'.</msg>
<msg timestamp="20220311 20:43:03.847" level="INFO">Typing text '0.9' into text field 'id:ctl00__MainContent_ucDataCtrl__dc_number_10'.</msg>
<msg timestamp="20220311 20:43:04.032" level="INFO">Clicking element 'id:ctl00__MainContent_ucDataCtrl__dc_code_8'.</msg>
<msg timestamp="20220311 20:43:06.187" level="INFO">Clicking element 'xpath://li[@class="rddlItem" and text()="2 years (1.75-2.00)"]'.</msg>
<msg timestamp="20220311 20:43:06.284" level="INFO">Typing text '2' into text field 'id:ctl00__MainContent_ucDataCtrl__dc_number_11'.</msg>
<status status="PASS" starttime="20220311 20:42:46.863" endtime="20220311 20:43:06.400"></status>
</kw>
<kw name="Add Other RiskFactors" library="OMSKeywords_Modifiers">
<msg timestamp="20220311 20:43:06.458" level="INFO">Typing text '1' into text field 'id:ctl00__MainContent_ucDataCtrl__dc_number_12'.</msg>
<msg timestamp="20220311 20:43:06.648" level="INFO">Typing text '1' into text field 'id:ctl00__MainContent_ucDataCtrl__dc_number_14'.</msg>
<msg timestamp="20220311 20:43:06.793" level="INFO">Typing text '1' into text field 'id:ctl00__MainContent_ucDataCtrl__dc_number_16'.</msg>
<msg timestamp="20220311 20:43:06.943" level="INFO">Typing text '1' into text field 'id:ctl00__MainContent_ucDataCtrl__dc_number_18'.</msg>
<msg timestamp="20220311 20:43:07.099" level="INFO">Typing text '1' into text field 'id:ctl00__MainContent_ucDataCtrl__dc_number_20'.</msg>
<msg timestamp="20220311 20:43:07.213" level="INFO">Typing text '0.95' into text field 'id:ctl00__MainContent_ucDataCtrl__dc_number_22'.</msg>
<msg timestamp="20220311 20:43:07.369" level="INFO">Typing text '0.95' into text field 'id:ctl00__MainContent_ucDataCtrl__dc_number_24'.</msg>
<msg timestamp="20220311 20:43:07.524" level="INFO">Typing text '1' into text field 'id:ctl00__MainContent_ucDataCtrl__dc_number_26'.</msg>
<msg timestamp="20220311 20:43:07.681" level="INFO">Typing text '1' into text field 'id:ctl00__MainContent_ucDataCtrl__dc_number_28'.</msg>
<msg timestamp="20220311 20:43:07.804" level="INFO">Typing text '0.95' into text field 'id:ctl00__MainContent_ucDataCtrl__dc_number_30'.</msg>
<msg timestamp="20220311 20:43:07.929" level="INFO">Typing text '1' into text field 'id:ctl00__MainContent_ucDataCtrl__dc_number_32'.</msg>
<msg timestamp="20220311 20:43:08.073" level="INFO">Typing text '0.9' into text field 'id:ctl00__MainContent_ucDataCtrl__dc_number_13'.</msg>
<msg timestamp="20220311 20:43:08.201" level="INFO">Typing text '0.95' into text field 'id:ctl00__MainContent_ucDataCtrl__dc_number_15'.</msg>
<msg timestamp="20220311 20:43:08.312" level="INFO">Typing text '1.1' into text field 'id:ctl00__MainContent_ucDataCtrl__dc_number_17'.</msg>
<msg timestamp="20220311 20:43:08.453" level="INFO">Typing text '0.95' into text field 'id:ctl00__MainContent_ucDataCtrl__dc_number_21'.</msg>
<msg timestamp="20220311 20:43:08.590" level="INFO">Typing text '0.9' into text field 'id:ctl00__MainContent_ucDataCtrl__dc_number_23'.</msg>
<msg timestamp="20220311 20:43:08.743" level="INFO">Typing text '1' into text field 'id:ctl00__MainContent_ucDataCtrl__dc_number_25'.</msg>
<msg timestamp="20220311 20:43:08.874" level="INFO">Typing text '1' into text field 'id:ctl00__MainContent_ucDataCtrl__dc_number_27'.</msg>
<msg timestamp="20220311 20:43:08.991" level="INFO">Typing text '1' into text field 'id:ctl00__MainContent_ucDataCtrl__dc_number_29'.</msg>
<msg timestamp="20220311 20:43:09.135" level="INFO">Typing text '1' into text field 'id:ctl00__MainContent_ucDataCtrl__dc_number_31'.</msg>
<msg timestamp="20220311 20:43:09.247" level="INFO">Typing text '1' into text field 'id:ctl00__MainContent_ucDataCtrl__dc_number_33'.</msg>
<status status="PASS" starttime="20220311 20:43:06.401" endtime="20220311 20:43:09.414"></status>
</kw>
<kw name="Save Modifiers" library="OMSKeywords_Modifiers">
<msg timestamp="20220311 20:43:09.415" level="INFO">Clicking button 'id:ctl00__MainContent_btnNext_input'.</msg>
<msg timestamp="20220311 20:43:14.104" level="INFO">Slept 2 seconds</msg>
<msg timestamp="20220311 20:43:14.158" level="INFO">Element 'id:ctl00__MainContent_ucMessages_divInfoBox' contains text 'Record has been saved'.</msg>
<status status="PASS" starttime="20220311 20:43:09.415" endtime="20220311 20:43:14.158"></status>
</kw>
<status status="PASS" starttime="20220311 20:42:46.812" endtime="20220311 20:43:14.158" critical="yes"></status>
</test>
<test id="s1-t6" name="Underlying Polocies">
<kw name="Go To UL Policies" library="OMSKeywords_UnderlyingPolicies">
<msg timestamp="20220311 20:43:14.158" level="INFO">Clicking element 'xpath://*[@id="ctl00__MainContent_mnuDataTabs"]/ul/li[5]/a/span'.</msg>
<status status="PASS" starttime="20220311 20:43:14.158" endtime="20220311 20:43:16.394"></status>
</kw>
<kw name="Delete Existing Policies If Required" library="OMSKeywords_UnderlyingPolicies">
<msg timestamp="20220311 20:43:16.443" level="INFO">Clicking button 'id:ctl00__MainContent_ucDataCtrl_btnDeleteAll_input'.</msg>
<msg timestamp="20220311 20:43:16.465" level="INFO">There are no underlying policies to delete</msg>
<status status="PASS" starttime="20220311 20:43:16.394" endtime="20220311 20:43:16.465"></status>
</kw>
<kw name="Add Layers" library="OMSKeywords_UnderlyingPolicies">
<msg timestamp="20220311 20:43:16.573" level="INFO">Clicking button 'id:ctl00__MainContent_ucDataCtrl_btnAddNew_input'.</msg>
<msg timestamp="20220311 20:43:21.848" level="INFO">Slept 2 seconds</msg>
<msg timestamp="20220311 20:43:21.848" level="INFO">Typing text '1' into text field 'id:ctl00__MainContent_ucDataCtrl__dc_sort_order'.</msg>
<msg timestamp="20220311 20:43:22.032" level="INFO">The value is already selected</msg>
<msg timestamp="20220311 20:43:22.032" level="INFO">Typing text 'AIG - American International Specialty Lines Company' into text field 'id:ctl00__MainContent_ucDataCtrl__dc_org_carrier_uid'.</msg>
<msg timestamp="20220311 20:43:23.196" level="INFO">Slept 1 second</msg>
<msg timestamp="20220311 20:43:23.196" level="INFO">Sending key(s) ('ARROW_DOWN',) to id:ctl00__MainContent_ucDataCtrl__dc_org_carrier_uid element.</msg>
<msg timestamp="20220311 20:43:23.505" level="INFO">Pressing special key ARROW_DOWN to element.</msg>
<msg timestamp="20220311 20:43:23.505" level="INFO">Releasing special key ARROW_DOWN.</msg>
<msg timestamp="20220311 20:43:24.535" level="INFO">Slept 1 second</msg>
<msg timestamp="20220311 20:43:24.535" level="INFO">Sending key(s) ('RETURN',) to id:ctl00__MainContent_ucDataCtrl__dc_org_carrier_uid element.</msg>
<msg timestamp="20220311 20:43:24.849" level="INFO">Pressing special key RETURN to element.</msg>
<msg timestamp="20220311 20:43:24.849" level="INFO">Releasing special key RETURN.</msg>
<msg timestamp="20220311 20:43:24.936" level="INFO">Clicking element 'id:ctl00__MainContent_ucDataCtrl__dc_program_code'.</msg>
<msg timestamp="20220311 20:43:27.043" level="INFO">Clicking element 'xpath://li[@class="rddlItem" and text()="Primary D&amp;O liability, public companies"]'.</msg>
<msg timestamp="20220311 20:43:27.205" level="INFO">Clicking element 'id:ctl00__MainContent_ucDataCtrl__dc_policy_kind'.</msg>
<msg timestamp="20220311 20:43:29.484" level="INFO">Clicking element 'xpath://li[@class="rddlItem" and text()="Claims Made"]'.</msg>
<msg timestamp="20220311 20:43:29.589" level="INFO">Typing text '1252000' into text field 'id:ctl00__MainContent_ucDataCtrl__dc_premium'.</msg>
<msg timestamp="20220311 20:43:29.747" level="INFO">Clicking element 'id:ctl00__MainContent_ucDataCtrl__dc_schedule_underlying_policy'.</msg>
<msg timestamp="20220311 20:43:31.826" level="INFO">Clicking element 'xpath://li[@class="rddlItem" and text()="Yes"]'.</msg>
<msg timestamp="20220311 20:43:31.922" level="INFO">Clicking element 'id:ctl00__MainContent_ucDataCtrl_ucRiskCoverageControl_gvRiskGrid_ctl00_ctl04_chkSelected'.</msg>
<msg timestamp="20220311 20:43:32.007" level="INFO">Typing text '20000000' into text field 'id:ctl00__MainContent_ucDataCtrl_ucRiskCoverageControl_gvRiskGrid_ctl00_ctl04_txtLIMITS'.</msg>
<msg timestamp="20220311 20:43:32.091" level="INFO">Typing text '5000000' into text field 'id:ctl00__MainContent_ucDataCtrl_ucRiskCoverageControl_gvRiskGrid_ctl00_ctl04_txtDEDUCTIBLE'.</msg>
<msg timestamp="20220311 20:43:32.214" level="INFO">Clicking button 'id:ctl00__MainContent_ucDataCtrl_btnSave_input'.</msg>
<msg timestamp="20220311 20:43:36.496" level="INFO">Slept 2 seconds</msg>
<msg timestamp="20220311 20:43:36.496" level="INFO">Clicking button 'id:ctl00__MainContent_ucDataCtrl_btnAddNew_input'.</msg>
<msg timestamp="20220311 20:43:39.918" level="INFO">Slept 2 seconds</msg>
<msg timestamp="20220311 20:43:39.918" level="INFO">Typing text '2' into text field 'id:ctl00__MainContent_ucDataCtrl__dc_sort_order'.</msg>
<msg timestamp="20220311 20:43:40.099" level="INFO">The value is already selected</msg>
<msg timestamp="20220311 20:43:40.099" level="INFO">Typing text 'Alleghany Corporation Group - Fair American Insurance and Reinsurance Company' into text field 'id:ctl00__MainContent_ucDataCtrl__dc_org_carrier_uid'.</msg>
<msg timestamp="20220311 20:43:41.268" level="INFO">Slept 1 second</msg>
<msg timestamp="20220311 20:43:41.268" level="INFO">Sending key(s) ('ARROW_DOWN',) to id:ctl00__MainContent_ucDataCtrl__dc_org_carrier_uid element.</msg>
<msg timestamp="20220311 20:43:41.575" level="INFO">Pressing special key ARROW_DOWN to element.</msg>
<msg timestamp="20220311 20:43:41.575" level="INFO">Releasing special key ARROW_DOWN.</msg>
<msg timestamp="20220311 20:43:42.609" level="INFO">Slept 1 second</msg>
<msg timestamp="20220311 20:43:42.609" level="INFO">Sending key(s) ('RETURN',) to id:ctl00__MainContent_ucDataCtrl__dc_org_carrier_uid element.</msg>
<msg timestamp="20220311 20:43:42.917" level="INFO">Pressing special key RETURN to element.</msg>
<msg timestamp="20220311 20:43:42.917" level="INFO">Releasing special key RETURN.</msg>
<msg timestamp="20220311 20:43:43.011" level="INFO">Clicking element 'id:ctl00__MainContent_ucDataCtrl__dc_program_code'.</msg>
<msg timestamp="20220311 20:43:45.095" level="INFO">Clicking element 'xpath://li[@class="rddlItem" and text()="Excess D&amp;O liability, public companies"]'.</msg>
<msg timestamp="20220311 20:43:45.232" level="INFO">Clicking element 'id:ctl00__MainContent_ucDataCtrl__dc_policy_kind'.</msg>
<msg timestamp="20220311 20:43:47.566" level="INFO">Clicking element 'xpath://li[@class="rddlItem" and text()="Claims Made"]'.</msg>
<msg timestamp="20220311 20:43:47.639" level="INFO">Typing text '429436' into text field 'id:ctl00__MainContent_ucDataCtrl__dc_premium'.</msg>
<msg timestamp="20220311 20:43:47.786" level="INFO">Clicking element 'id:ctl00__MainContent_ucDataCtrl__dc_schedule_underlying_policy'.</msg>
<msg timestamp="20220311 20:43:49.856" level="INFO">Clicking element 'xpath://li[@class="rddlItem" and text()="Yes"]'.</msg>
<msg timestamp="20220311 20:43:49.957" level="INFO">Clicking element 'id:ctl00__MainContent_ucDataCtrl_ucRiskCoverageControl_gvRiskGrid_ctl00_ctl04_chkSelected'.</msg>
<msg timestamp="20220311 20:43:50.070" level="INFO">Typing text '20000000' into text field 'id:ctl00__MainContent_ucDataCtrl_ucRiskCoverageControl_gvRiskGrid_ctl00_ctl04_txtLIMITS'.</msg>
<msg timestamp="20220311 20:43:50.238" level="INFO">Typing text '5000000' into text field 'id:ctl00__MainContent_ucDataCtrl_ucRiskCoverageControl_gvRiskGrid_ctl00_ctl04_txtDEDUCTIBLE'.</msg>
<msg timestamp="20220311 20:43:50.331" level="INFO">Clicking button 'id:ctl00__MainContent_ucDataCtrl_btnSave_input'.</msg>
<msg timestamp="20220311 20:43:54.015" level="INFO">Slept 2 seconds</msg>
<status status="PASS" starttime="20220311 20:43:16.466" endtime="20220311 20:43:54.016"></status>
</kw>
<kw name="Save Layers" library="OMSKeywords_UnderlyingPolicies">
<msg timestamp="20220311 20:43:54.016" level="INFO">Clicking button 'id:ctl00__MainContent_btnNext_input'.</msg>
<msg timestamp="20220311 20:43:58.974" level="INFO">Slept 2 seconds</msg>
<msg timestamp="20220311 20:43:59.051" level="INFO">Element 'id:ctl00__MainContent_ucMessages_divInfoBox' contains text 'Record has been saved'.</msg>
<status status="PASS" starttime="20220311 20:43:54.016" endtime="20220311 20:43:59.051"></status>
</kw>
<status status="PASS" starttime="20220311 20:43:14.158" endtime="20220311 20:43:59.051" critical="yes"></status>
</test>
<test id="s1-t7" name="Quotations">
<kw name="Go To Quotations" library="OMSKeywords_Quotations">
<msg timestamp="20220311 20:43:59.067" level="INFO">Clicking element 'xpath://*[@id="ctl00__MainContent_mnuDataTabs"]/ul/li[6]/a/span'.</msg>
<status status="PASS" starttime="20220311 20:43:59.067" endtime="20220311 20:44:00.219"></status>
</kw>
<kw name="Add Organization" library="OMSKeywords_Quotations">
<msg timestamp="20220311 20:44:03.434" level="INFO">Slept 3 seconds</msg>
<msg timestamp="20220311 20:44:03.434" level="INFO">Clicking button 'id:ctl00__MainContent_uc_QuoteWrapper_QuoteListControl_radcmdHeaderAdd_input'.</msg>
<msg timestamp="20220311 20:44:07.860" level="INFO">Slept 3 seconds</msg>
<msg timestamp="20220311 20:44:07.907" level="INFO">Clicking element 'id:ctl00__MainContent_uc_QuoteWrapper_QuoteListControl_radCarrierlist'.</msg>
<msg timestamp="20220311 20:44:10.011" level="INFO">Clicking element 'xpath://li[@class="rddlItem" and text()="HDI Specialty Insurance Company"]'.</msg>
<msg timestamp="20220311 20:44:10.106" level="INFO">Typing text 'Quote 1' into text field 'id:ctl00__MainContent_uc_QuoteWrapper_QuoteListControl_tbSubQdescRAD'.</msg>
<msg timestamp="20220311 20:44:10.234" level="INFO">Typing text '5' into text field 'id:ctl00__MainContent_uc_QuoteWrapper_QuoteListControl_tbCommissionRAD'.</msg>
<msg timestamp="20220311 20:44:10.326" level="INFO">Clicking element 'id:ctl00__MainContent_uc_QuoteWrapper_QuoteListControl_radPlanDDL'.</msg>
<msg timestamp="20220311 20:44:12.446" level="INFO">Clicking element 'xpath://li[@class="rddlItem" and text()="Annual"]'.</msg>
<msg timestamp="20220311 20:44:12.534" level="INFO">Clicking button 'id:ctl00__MainContent_uc_QuoteWrapper_QuoteListControl_radcmdHeaderSaveTop_input'.</msg>
<msg timestamp="20220311 20:44:16.620" level="INFO">Slept 3 seconds</msg>
<msg timestamp="20220311 20:44:16.689" level="INFO">Element 'id:ctl00MainContent_uc_QuoteWrapper_QuoteListControl_radgvHeaders_ctl00' contains text 'Excess Follow form'.</msg>
<msg timestamp="20220311 20:44:19.693" level="INFO">Slept 3 seconds</msg>
<msg timestamp="20220311 20:44:19.693" level="INFO">No Carrier found</msg>
<status status="PASS" starttime="20220311 20:44:00.220" endtime="20220311 20:44:19.693"></status>
</kw>
<kw name="Select Quote" library="OMSKeywords_Quotations">
<msg timestamp="20220311 20:44:19.693" level="INFO">Clicking element 'id:ctl00MainContent_uc_QuoteWrapper_QuoteListControl_radgvHeaders_ctl00__0'.</msg>
<status status="PASS" starttime="20220311 20:44:19.693" endtime="20220311 20:44:24.393"></status>
</kw>
<kw name="Enter Range State Elements" library="OMSKeywords_Quotations">
<msg timestamp="20220311 20:44:24.457" level="INFO">Clicking element 'id:ctl00__MainContent_uc_QuoteWrapper_QuotationControl_rptrPolicyLobs_ctl01_gvDefineFormulaUnit_ctl04_ddlrptQuestionsAnswer'.</msg>
<msg timestamp="20220311 20:44:26.510" level="INFO">Clicking element 'xpath://li[@class="rddlItem" and text()="Low/Medium Risk 60%"]'.</msg>
<msg timestamp="20220311 20:44:26.620" level="INFO">Typing text '60' into text field 'id:ctl00__MainContent_uc_QuoteWrapper_QuotationControl_rptrPolicyLobs_ctl01_gvDefineFormulaUnit_ctl04_txtrptQuestionsAnswer2'.</msg>
<status status="PASS" starttime="20220311 20:44:24.394" endtime="20220311 20:44:26.767"></status>
</kw>
<kw name="Add Schedule Rating" library="OMSKeywords_Quotations">
<msg timestamp="20220311 20:44:26.827" level="INFO">Typing text '5' into text field 'id:ctl00__MainContent_uc_QuoteWrapper_QuotationControl_rptrPolicyLobs_ctl01_gvDefineFormulaUnit_ctl05_txtrptQuestionsAnswer'.</msg>
<msg timestamp="20220311 20:44:26.965" level="INFO">Typing text '5' into text field 'id:ctl00__MainContent_uc_QuoteWrapper_QuotationControl_rptrPolicyLobs_ctl01_gvDefineFormulaUnit_ctl05_txtrptQuestionsAnswer2'.</msg>
<msg timestamp="20220311 20:44:27.095" level="INFO">Typing text '5' into text field 'id:ctl00__MainContent_uc_QuoteWrapper_QuotationControl_rptrPolicyLobs_ctl01_gvDefineFormulaUnit_ctl06_txtrptQuestionsAnswer'.</msg>
<msg timestamp="20220311 20:44:27.179" level="INFO">Typing text '5' into text field 'id:ctl00__MainContent_uc_QuoteWrapper_QuotationControl_rptrPolicyLobs_ctl01_gvDefineFormulaUnit_ctl06_txtrptQuestionsAnswer2'.</msg>
<msg timestamp="20220311 20:44:27.271" level="INFO">Typing text '15' into text field 'id:ctl00__MainContent_uc_QuoteWrapper_QuotationControl_rptrPolicyLobs_ctl01_gvDefineFormulaUnit_ctl07_txtrptQuestionsAnswer'.</msg>
<msg timestamp="20220311 20:44:27.399" level="INFO">Typing text '65' into text field 'id:ctl00__MainContent_uc_QuoteWrapper_QuotationControl_rptrPolicyLobs_ctl01_gvDefineFormulaUnit_ctl07_txtrptQuestionsAnswer2'.</msg>
<msg timestamp="20220311 20:44:27.566" level="INFO">Clicking element 'id:ctl00__MainContent_uc_QuoteWrapper_QuotationControl_rptrPolicyLobs_ctl01_gvDefineFormulaUnit_ctl08_ddlrptQuestionsAnswer'.</msg>
<msg timestamp="20220311 20:44:29.665" level="INFO">Clicking element 'xpath://li[@class="rddlItem" and text()="1 year"]'.</msg>
<msg timestamp="20220311 20:44:29.765" level="INFO">Typing text '1' into text field 'id:ctl00__MainContent_uc_QuoteWrapper_QuotationControl_rptrPolicyLobs_ctl01_gvDefineFormulaUnit_ctl08_txtrptQuestionsAnswer2'.</msg>
<msg timestamp="20220311 20:44:29.899" level="INFO">Clicking element 'id:ctl00__MainContent_uc_QuoteWrapper_QuotationControl_rptrPolicyLobs_ctl01_gvDefineFormulaUnit_ctl09_ddlrptQuestionsAnswer'.</msg>
<msg timestamp="20220311 20:44:32.109" level="INFO">Clicking element 'xpath://li[@class="rddlItem" and text()="1 year"]'.</msg>
<msg timestamp="20220311 20:44:32.197" level="INFO">Typing text '1' into text field 'id:ctl00__MainContent_uc_QuoteWrapper_QuotationControl_rptrPolicyLobs_ctl01_gvDefineFormulaUnit_ctl09_txtrptQuestionsAnswer2'.</msg>
<msg timestamp="20220311 20:44:32.302" level="INFO">Typing text '0.8' into text field 'id:ctl00__MainContent_uc_QuoteWrapper_QuotationControl_rptrPolicyLobs_ctl01_gvDefineFormulaUnit_ctl10_txtrptQuestionsAnswer2'.</msg>
<msg timestamp="20220311 20:44:32.405" level="INFO">Typing text '10' into text field 'id:ctl00__MainContent_uc_QuoteWrapper_QuotationControl_rptrPolicyLobs_ctl01_gvDefineFormulaUnit_ctl11_txtrptQuestionsAnswer'.</msg>
<msg timestamp="20220311 20:44:32.505" level="INFO">Typing text '10' into text field 'id:ctl00__MainContent_uc_QuoteWrapper_QuotationControl_rptrPolicyLobs_ctl01_gvDefineFormulaUnit_ctl11_txtrptQuestionsAnswer2'.</msg>
<msg timestamp="20220311 20:44:32.627" level="INFO">The value is already selected</msg>
<status status="PASS" starttime="20220311 20:44:26.767" endtime="20220311 20:44:32.627"></status>
</kw>
<kw name="Enter Coverage" library="OMSKeywords_Quotations">
<msg timestamp="20220311 20:44:32.651" level="INFO">Clicking element 'id:ctl00__MainContent_uc_QuoteWrapper_QuotationControl_rptrPolicyLobs_ctl01_gvDefineLevel2_ctl00_ctl04_chkSelected'.</msg>
<msg timestamp="20220311 20:44:32.727" level="INFO">Typing text '15000000' into text field 'id:ctl00__MainContent_uc_QuoteWrapper_QuotationControl_rptrPolicyLobs_ctl01_gvDefineLevel2_ctl00_ctl04_txtLIMITS'.</msg>
<msg timestamp="20220311 20:44:32.861" level="INFO">Typing text '5000000' into text field 'id:ctl00__MainContent_uc_QuoteWrapper_QuotationControl_rptrPolicyLobs_ctl01_gvDefineLevel2_ctl00_ctl04_txtDEDUCTIBLE'.</msg>
<msg timestamp="20220311 20:44:34.994" level="INFO">Slept 2 seconds</msg>
<status status="PASS" starttime="20220311 20:44:32.628" endtime="20220311 20:44:34.994"></status>
</kw>
<kw name="Save And Price" library="OMSKeywords_Quotations">
<msg timestamp="20220311 20:44:34.994" level="INFO">Clicking button 'id:ctl00__MainContent_uc_QuoteWrapper_QuotationControl_cmdSaveAndPriceQuote_input'.</msg>
<msg timestamp="20220311 20:44:40.827" level="INFO">Slept 2 seconds</msg>
<msg timestamp="20220311 20:44:40.874" level="FAIL">Element 'id:ctl00__MainContent_ucMessages_divInfoBox' should have contained text 'Quotation has been saved !!' but its text was '×
Multiple alerts raised while processing last request - View More'.</msg>
<status status="FAIL" starttime="20220311 20:44:34.994" endtime="20220311 20:44:40.874"></status>
</kw>
<status status="FAIL" starttime="20220311 20:43:59.067" endtime="20220311 20:44:40.874" critical="yes">Element 'id:ctl00__MainContent_ucMessages_divInfoBox' should have contained text 'Quotation has been saved !!' but its text was '×
Multiple alerts raised while processing last request - View More'.</status>
</test>
<doc>Simple example using SeleniumLibrary</doc>
<status status="FAIL" starttime="20220311 20:41:44.064" endtime="20220311 20:44:40.889"></status>
</suite>
<statistics>
<total>
<stat pass="6" fail="1">Critical Tests</stat>
<stat pass="6" fail="1">All Tests</stat>
</total>
<tag>
</tag>
<suite>
<stat pass="6" fail="1" id="s1" name="CreateNewSubmission">CreateNewSubmission</stat>
</suite>
</statistics>
<errors>
</errors>
</robot>
