<?xml version="1.0" encoding="UTF-8"?>
<robot generator="Robot 4.1.3 (Python 3.10.1 on darwin)" generated="20220312 12:50:56.871" rpa="false" schemaversion="2">
<suite id="s1" name="OpenExistingSubmission" source="/Users/sudhirrayapureddy/RFTFalcon/Tests/OpenExistingSubmission.robot">
<test id="s1-t1" name="OMS Login">
<kw name="Open Browser To Login Page" library="OMSKeywords_Login">
<msg timestamp="20220312 12:51:03.249" level="INFO">Creating an instance of the Chrome WebDriver.</msg>
<msg timestamp="20220312 12:52:32.415" level="INFO">Opening url 'https://qa1.oms.oneshield.com/'</msg>
<msg timestamp="20220312 12:53:13.588" level="INFO">Slept 3 seconds</msg>
<msg timestamp="20220312 12:53:13.597" level="INFO">Page title is 'Oneshield | Log in'.</msg>
<msg timestamp="20220312 12:53:13.597" level="INFO">/Library/Frameworks/Python.framework/Versions/3.10/lib/python3.10/site-packages/openpyxl/worksheet/_reader.py:312: UserWarning: Data Validation extension is not supported and will be removed
  warn(msg)</msg>
<status status="PASS" starttime="20220312 12:51:03.115" endtime="20220312 12:53:13.598"/>
</kw>
<kw name="Enter Login Credentials" library="OMSKeywords_Login">
<msg timestamp="20220312 12:53:13.635" level="INFO">Typing text 'Falcon' into text field 'xpath://*[@id="TanentID"]'.</msg>
<msg timestamp="20220312 12:53:13.822" level="INFO">Typing text 'Falcon' into text field 'xpath://*[@id="tbClientId"]'.</msg>
<msg timestamp="20220312 12:53:15.788" level="INFO">Typing text 'NA_Falcon' into text field 'xpath://*[@id="tbEmailRAD"]'.</msg>
<msg timestamp="20220312 12:53:15.902" level="INFO">Typing password into text field 'xpath://*[@id="tbPasswordRAD"]'.</msg>
<msg timestamp="20220312 12:53:15.964" level="INFO">Temporally setting log level to: NONE</msg>
<msg timestamp="20220312 12:53:16.023" level="INFO">Log level changed from NONE to INFO.</msg>
<msg timestamp="20220312 12:53:19.023" level="INFO">Slept 3 seconds</msg>
<msg timestamp="20220312 12:53:19.023" level="INFO">/Library/Frameworks/Python.framework/Versions/3.10/lib/python3.10/site-packages/openpyxl/worksheet/_reader.py:312: UserWarning: Data Validation extension is not supported and will be removed
  warn(msg)</msg>
<status status="PASS" starttime="20220312 12:53:13.598" endtime="20220312 12:53:19.024"/>
</kw>
<kw name="Submit Credentials" library="OMSKeywords_Login">
<msg timestamp="20220312 12:53:19.024" level="INFO">Clicking button 'xpath:/html/body/div[1]/main/div/div/form/div[7]/div/button[1]'.</msg>
<msg timestamp="20220312 12:53:19.163" level="INFO">Clicking button 'xpath://*[@id="lblogin"]'.</msg>
<msg timestamp="20220312 12:53:36.688" level="INFO">Slept 3 seconds</msg>
<status status="PASS" starttime="20220312 12:53:19.024" endtime="20220312 12:53:36.688"/>
</kw>
<kw name="Welcome Page Should Be Open" library="OMSKeywords_Login">
<msg timestamp="20220312 12:53:36.693" level="INFO">Page title is 'OMS'.</msg>
<status status="PASS" starttime="20220312 12:53:36.688" endtime="20220312 12:53:36.693"/>
</kw>
<status status="PASS" starttime="20220312 12:51:03.114" endtime="20220312 12:53:36.694"/>
</test>
<test id="s1-t2" name="Search for Submission">
<kw name="Go To Submissions Tab" library="OMSKeywords_SearchSubmission">
<msg timestamp="20220312 12:53:36.864" level="INFO">Clicking element 'xpath://*[@id="ctl00_ucLeftMenu_rptMainMenu_ctl02_lbLeftMenuItem"]'.</msg>
<status status="PASS" starttime="20220312 12:53:36.864" endtime="20220312 12:53:42.845"/>
</kw>
<kw name="Enter Submission Number" library="OMSKeywords_SearchSubmission">
<msg timestamp="20220312 12:53:42.884" level="INFO">Typing text 'NEW-000689' into text field 'id:ctl00__MainContent_ucSearchCtrl__sc_submission_number'.</msg>
<status status="PASS" starttime="20220312 12:53:42.846" endtime="20220312 12:53:42.982"/>
</kw>
<kw name="Enter Prefix If Necessary" library="OMSKeywords_SearchSubmission">
<msg timestamp="20220312 12:53:43.019" level="INFO">Typing text '00' into text field 'id:ctl00__MainContent_ucSearchCtrl__sc_submissions_suffix'.</msg>
<status status="PASS" starttime="20220312 12:53:42.982" endtime="20220312 12:53:43.104"/>
</kw>
<kw name="Search For Submission" library="OMSKeywords_SearchSubmission">
<msg timestamp="20220312 12:53:43.105" level="INFO">Clicking button 'xpath://*[@id="ctl00__MainContent_ucSearchCtrl_btnSearch_input"]'.</msg>
<status status="PASS" starttime="20220312 12:53:43.105" endtime="20220312 12:53:49.499"/>
</kw>
<status status="PASS" starttime="20220312 12:53:36.863" endtime="20220312 12:53:49.500"/>
</test>
<test id="s1-t3" name="Change Range State">
<kw name="Change Range State If Required" library="OMSKeywords_ChangeRangeState">
<msg timestamp="20220312 12:53:49.539" level="INFO">Clicking element 'xpath://*[@id="ctl00__MainContent_mnuDataTabsLevel3"]/ul/li[1]/a/span'.</msg>
<msg timestamp="20220312 12:53:54.558" level="INFO">Slept 2 seconds</msg>
<msg timestamp="20220312 12:53:54.651" level="INFO">Clicking element 'id:ctl00__MainContent_ucDataCtrl__dc_special4_code'.</msg>
<msg timestamp="20220312 12:53:56.916" level="INFO">Clicking element 'xpath://li[@class="rddlItem" and text()="California"]'.</msg>
<msg timestamp="20220312 12:53:59.067" level="INFO">Slept 2 seconds</msg>
<msg timestamp="20220312 12:53:59.068" level="INFO">Clicking button 'id:ctl00__MainContent_btnNext_input'.</msg>
<msg timestamp="20220312 12:54:04.174" level="INFO">Slept 2 seconds</msg>
<msg timestamp="20220312 12:54:04.199" level="INFO">Element 'id:ctl00__MainContent_ucMessages_divInfoBox' contains text 'Record has been saved'.</msg>
<status status="PASS" starttime="20220312 12:53:49.501" endtime="20220312 12:54:04.199"/>
</kw>
<status status="PASS" starttime="20220312 12:53:49.500" endtime="20220312 12:54:04.200"/>
</test>
<test id="s1-t4" name="UW Questions">
<kw name="Go To UW Questions" library="OMSKeywords_UWQuestions">
<msg timestamp="20220312 12:54:04.201" level="INFO">Clicking element 'xpath://*[@id="ctl00__MainContent_mnuDataTabs"]/ul/li[2]'.</msg>
<status status="PASS" starttime="20220312 12:54:04.201" endtime="20220312 12:54:08.976"/>
</kw>
<kw name="Add Policy Information" library="OMSKeywords_UWQuestions">
<msg timestamp="20220312 12:54:09.014" level="INFO">Typing text '2300000000' into text field 'id:ctl00__MainContent_ucDataCtrl__dc_money_1'.</msg>
<msg timestamp="20220312 12:54:09.169" level="INFO">Typing text '1863000000' into text field 'id:ctl00__MainContent_ucDataCtrl__dc_money_2'.</msg>
<msg timestamp="20220312 12:54:09.284" level="INFO">Typing text '961000000' into text field 'id:ctl00__MainContent_ucDataCtrl__dc_money_3'.</msg>
<msg timestamp="20220312 12:54:09.420" level="INFO">The value is already selected</msg>
<msg timestamp="20220312 12:54:09.420" level="INFO">Typing text 'BALY' into text field 'id:ctl00__MainContent_ucDataCtrl__dc_text_10'.</msg>
<msg timestamp="20220312 12:54:09.579" level="INFO">The value is already selected</msg>
<status status="PASS" starttime="20220312 12:54:08.976" endtime="20220312 12:54:09.579"/>
</kw>
<kw name="Add Underlying Insurance Risk Factors" library="OMSKeywords_UWQuestions">
<msg timestamp="20220312 12:54:09.642" level="INFO">The value is already selected</msg>
<msg timestamp="20220312 12:54:09.667" level="INFO">The value is already selected</msg>
<msg timestamp="20220312 12:54:09.692" level="INFO">The value is already selected</msg>
<msg timestamp="20220312 12:54:09.718" level="INFO">The value is already selected</msg>
<msg timestamp="20220312 12:54:09.745" level="INFO">The value is already selected</msg>
<msg timestamp="20220312 12:54:09.771" level="INFO">The value is already selected</msg>
<msg timestamp="20220312 12:54:09.796" level="INFO">The value is already selected</msg>
<status status="PASS" starttime="20220312 12:54:09.579" endtime="20220312 12:54:09.797"/>
</kw>
<kw name="Save UW Questions" library="OMSKeywords_UWQuestions">
<msg timestamp="20220312 12:54:09.797" level="INFO">Clicking button 'id:ctl00__MainContent_btnNext_input'.</msg>
<msg timestamp="20220312 12:54:16.340" level="INFO">Slept 2 seconds</msg>
<msg timestamp="20220312 12:54:16.364" level="INFO">Element 'id:ctl00__MainContent_ucMessages_divInfoBox' contains text 'Record has been saved'.</msg>
<status status="PASS" starttime="20220312 12:54:09.797" endtime="20220312 12:54:16.402"/>
</kw>
<status status="PASS" starttime="20220312 12:54:04.200" endtime="20220312 12:54:16.402"/>
</test>
<test id="s1-t5" name="Modifiers">
<kw name="Go To Modifiers" library="OMSKeywords_Modifiers">
<status status="PASS" starttime="20220312 12:54:16.404" endtime="20220312 12:54:16.431"/>
</kw>
<kw name="Add Coverage Modifiers" library="OMSKeywords_Modifiers">
<msg timestamp="20220312 12:54:16.491" level="INFO">The value is already selected</msg>
<msg timestamp="20220312 12:54:16.491" level="INFO">Typing text '1' into text field 'id:ctl00__MainContent_ucDataCtrl__dc_number_3'.</msg>
<msg timestamp="20220312 12:54:16.633" level="INFO">The value is already selected</msg>
<msg timestamp="20220312 12:54:16.713" level="INFO">Typing text '0.95' into text field 'id:ctl00__MainContent_ucDataCtrl__dc_number_4'.</msg>
<msg timestamp="20220312 12:54:16.881" level="INFO">The value is already selected</msg>
<msg timestamp="20220312 12:54:16.881" level="INFO">Typing text '1' into text field 'id:ctl00__MainContent_ucDataCtrl__dc_number_5'.</msg>
<msg timestamp="20220312 12:54:17.025" level="INFO">The value is already selected</msg>
<msg timestamp="20220312 12:54:17.026" level="INFO">Typing text '1' into text field 'id:ctl00__MainContent_ucDataCtrl__dc_number_6'.</msg>
<msg timestamp="20220312 12:54:17.169" level="INFO">The value is already selected</msg>
<msg timestamp="20220312 12:54:17.169" level="INFO">Typing text '1' into text field 'id:ctl00__MainContent_ucDataCtrl__dc_number_7'.</msg>
<msg timestamp="20220312 12:54:17.313" level="INFO">The value is already selected</msg>
<msg timestamp="20220312 12:54:17.313" level="INFO">Typing text '1' into text field 'id:ctl00__MainContent_ucDataCtrl__dc_number_9'.</msg>
<msg timestamp="20220312 12:54:17.455" level="INFO">The value is already selected</msg>
<msg timestamp="20220312 12:54:17.455" level="INFO">Typing text '0.9' into text field 'id:ctl00__MainContent_ucDataCtrl__dc_number_10'.</msg>
<msg timestamp="20220312 12:54:17.605" level="INFO">The value is already selected</msg>
<msg timestamp="20220312 12:54:17.605" level="INFO">Typing text '2' into text field 'id:ctl00__MainContent_ucDataCtrl__dc_number_11'.</msg>
<status status="PASS" starttime="20220312 12:54:16.431" endtime="20220312 12:54:17.734"/>
</kw>
<kw name="Add Other RiskFactors" library="OMSKeywords_Modifiers">
<msg timestamp="20220312 12:54:17.769" level="INFO">Typing text '1' into text field 'id:ctl00__MainContent_ucDataCtrl__dc_number_12'.</msg>
<msg timestamp="20220312 12:54:17.890" level="INFO">Typing text '1' into text field 'id:ctl00__MainContent_ucDataCtrl__dc_number_14'.</msg>
<msg timestamp="20220312 12:54:18.011" level="INFO">Typing text '1' into text field 'id:ctl00__MainContent_ucDataCtrl__dc_number_16'.</msg>
<msg timestamp="20220312 12:54:18.127" level="INFO">Typing text '1' into text field 'id:ctl00__MainContent_ucDataCtrl__dc_number_18'.</msg>
<msg timestamp="20220312 12:54:18.242" level="INFO">Typing text '1' into text field 'id:ctl00__MainContent_ucDataCtrl__dc_number_20'.</msg>
<msg timestamp="20220312 12:54:18.358" level="INFO">Typing text '0.95' into text field 'id:ctl00__MainContent_ucDataCtrl__dc_number_22'.</msg>
<msg timestamp="20220312 12:54:18.481" level="INFO">Typing text '0.95' into text field 'id:ctl00__MainContent_ucDataCtrl__dc_number_24'.</msg>
<msg timestamp="20220312 12:54:18.601" level="INFO">Typing text '1' into text field 'id:ctl00__MainContent_ucDataCtrl__dc_number_26'.</msg>
<msg timestamp="20220312 12:54:18.717" level="INFO">Typing text '1' into text field 'id:ctl00__MainContent_ucDataCtrl__dc_number_28'.</msg>
<msg timestamp="20220312 12:54:18.846" level="INFO">Typing text '0.95' into text field 'id:ctl00__MainContent_ucDataCtrl__dc_number_30'.</msg>
<msg timestamp="20220312 12:54:18.992" level="INFO">Typing text '1' into text field 'id:ctl00__MainContent_ucDataCtrl__dc_number_32'.</msg>
<msg timestamp="20220312 12:54:19.111" level="INFO">Typing text '0.9' into text field 'id:ctl00__MainContent_ucDataCtrl__dc_number_13'.</msg>
<msg timestamp="20220312 12:54:19.230" level="INFO">Typing text '0.95' into text field 'id:ctl00__MainContent_ucDataCtrl__dc_number_15'.</msg>
<msg timestamp="20220312 12:54:19.354" level="INFO">Typing text '1.1' into text field 'id:ctl00__MainContent_ucDataCtrl__dc_number_17'.</msg>
<msg timestamp="20220312 12:54:19.472" level="INFO">Typing text '0.95' into text field 'id:ctl00__MainContent_ucDataCtrl__dc_number_21'.</msg>
<msg timestamp="20220312 12:54:19.595" level="INFO">Typing text '0.9' into text field 'id:ctl00__MainContent_ucDataCtrl__dc_number_23'.</msg>
<msg timestamp="20220312 12:54:19.718" level="INFO">Typing text '1' into text field 'id:ctl00__MainContent_ucDataCtrl__dc_number_25'.</msg>
<msg timestamp="20220312 12:54:19.833" level="INFO">Typing text '1' into text field 'id:ctl00__MainContent_ucDataCtrl__dc_number_27'.</msg>
<msg timestamp="20220312 12:54:19.949" level="INFO">Typing text '1' into text field 'id:ctl00__MainContent_ucDataCtrl__dc_number_29'.</msg>
<msg timestamp="20220312 12:54:20.067" level="INFO">Typing text '1' into text field 'id:ctl00__MainContent_ucDataCtrl__dc_number_31'.</msg>
<msg timestamp="20220312 12:54:20.189" level="INFO">Typing text '1' into text field 'id:ctl00__MainContent_ucDataCtrl__dc_number_33'.</msg>
<status status="PASS" starttime="20220312 12:54:17.734" endtime="20220312 12:54:20.304"/>
</kw>
<kw name="Save Modifiers" library="OMSKeywords_Modifiers">
<msg timestamp="20220312 12:54:20.304" level="INFO">Clicking button 'id:ctl00__MainContent_btnNext_input'.</msg>
<msg timestamp="20220312 12:54:25.641" level="INFO">Slept 2 seconds</msg>
<msg timestamp="20220312 12:54:25.667" level="INFO">Element 'id:ctl00__MainContent_ucMessages_divInfoBox' contains text 'Record has been saved'.</msg>
<status status="PASS" starttime="20220312 12:54:20.304" endtime="20220312 12:54:25.667"/>
</kw>
<status status="PASS" starttime="20220312 12:54:16.403" endtime="20220312 12:54:25.667"/>
</test>
<test id="s1-t6" name="Underlying Polocies">
<kw name="Go To UL Policies" library="OMSKeywords_UnderlyingPolicies">
<msg timestamp="20220312 12:54:25.669" level="INFO">Clicking element 'xpath://*[@id="ctl00__MainContent_mnuDataTabs"]/ul/li[5]/a/span'.</msg>
<status status="PASS" starttime="20220312 12:54:25.668" endtime="20220312 12:54:27.848"/>
</kw>
<kw name="Delete Existing Policies If Required" library="OMSKeywords_UnderlyingPolicies">
<msg timestamp="20220312 12:54:27.887" level="INFO">Clicking button 'id:ctl00__MainContent_ucDataCtrl_btnDeleteAll_input'.</msg>
<msg timestamp="20220312 12:54:29.979" level="INFO">Slept 2 seconds</msg>
<msg timestamp="20220312 12:54:29.980" level="INFO">Clicking button 'id:ctl00__MainContent_confirmWindow_C_btnYes'.</msg>
<status status="PASS" starttime="20220312 12:54:27.849" endtime="20220312 12:54:31.462"/>
</kw>
<kw name="Add Layers" library="OMSKeywords_UnderlyingPolicies">
<msg timestamp="20220312 12:54:31.539" level="INFO">Clicking button 'id:ctl00__MainContent_ucDataCtrl_btnAddNew_input'.</msg>
<msg timestamp="20220312 12:54:36.185" level="INFO">Slept 2 seconds</msg>
<msg timestamp="20220312 12:54:36.185" level="INFO">Typing text '1' into text field 'id:ctl00__MainContent_ucDataCtrl__dc_sort_order'.</msg>
<msg timestamp="20220312 12:54:36.303" level="INFO">The value is already selected</msg>
<msg timestamp="20220312 12:54:36.303" level="INFO">Typing text 'AIG - American International Specialty Lines Company' into text field 'id:ctl00__MainContent_ucDataCtrl__dc_org_carrier_uid'.</msg>
<msg timestamp="20220312 12:54:37.456" level="INFO">Slept 1 second</msg>
<msg timestamp="20220312 12:54:37.456" level="INFO">Sending key(s) ('ARROW_DOWN',) to id:ctl00__MainContent_ucDataCtrl__dc_org_carrier_uid element.</msg>
<msg timestamp="20220312 12:54:37.821" level="INFO">Pressing special key ARROW_DOWN to element.</msg>
<msg timestamp="20220312 12:54:37.822" level="INFO">Releasing special key ARROW_DOWN.</msg>
<msg timestamp="20220312 12:54:38.831" level="INFO">Slept 1 second</msg>
<msg timestamp="20220312 12:54:38.831" level="INFO">Sending key(s) ('RETURN',) to id:ctl00__MainContent_ucDataCtrl__dc_org_carrier_uid element.</msg>
<msg timestamp="20220312 12:54:39.119" level="INFO">Pressing special key RETURN to element.</msg>
<msg timestamp="20220312 12:54:39.119" level="INFO">Releasing special key RETURN.</msg>
<msg timestamp="20220312 12:54:39.202" level="INFO">Clicking element 'id:ctl00__MainContent_ucDataCtrl__dc_program_code'.</msg>
<msg timestamp="20220312 12:54:41.255" level="INFO">Clicking element 'xpath://li[@class="rddlItem" and text()="Primary D&amp;O liability, public companies"]'.</msg>
<msg timestamp="20220312 12:54:41.339" level="INFO">Clicking element 'id:ctl00__MainContent_ucDataCtrl__dc_policy_kind'.</msg>
<msg timestamp="20220312 12:54:43.666" level="INFO">Clicking element 'xpath://li[@class="rddlItem" and text()="Claims Made"]'.</msg>
<msg timestamp="20220312 12:54:43.716" level="INFO">Typing text '1252000' into text field 'id:ctl00__MainContent_ucDataCtrl__dc_premium'.</msg>
<msg timestamp="20220312 12:54:43.874" level="INFO">Clicking element 'id:ctl00__MainContent_ucDataCtrl__dc_schedule_underlying_policy'.</msg>
<msg timestamp="20220312 12:54:45.930" level="INFO">Clicking element 'xpath://li[@class="rddlItem" and text()="Yes"]'.</msg>
<msg timestamp="20220312 12:54:45.980" level="INFO">Clicking element 'id:ctl00__MainContent_ucDataCtrl_ucRiskCoverageControl_gvRiskGrid_ctl00_ctl04_chkSelected'.</msg>
<msg timestamp="20220312 12:54:46.045" level="INFO">Typing text '20000000' into text field 'id:ctl00__MainContent_ucDataCtrl_ucRiskCoverageControl_gvRiskGrid_ctl00_ctl04_txtLIMITS'.</msg>
<msg timestamp="20220312 12:54:46.143" level="INFO">Typing text '5000000' into text field 'id:ctl00__MainContent_ucDataCtrl_ucRiskCoverageControl_gvRiskGrid_ctl00_ctl04_txtDEDUCTIBLE'.</msg>
<msg timestamp="20220312 12:54:46.246" level="INFO">Clicking button 'id:ctl00__MainContent_ucDataCtrl_btnSave_input'.</msg>
<msg timestamp="20220312 12:54:50.565" level="INFO">Slept 2 seconds</msg>
<msg timestamp="20220312 12:54:50.565" level="INFO">Clicking button 'id:ctl00__MainContent_ucDataCtrl_btnAddNew_input'.</msg>
<msg timestamp="20220312 12:54:53.872" level="INFO">Slept 2 seconds</msg>
<msg timestamp="20220312 12:54:53.872" level="INFO">Typing text '2' into text field 'id:ctl00__MainContent_ucDataCtrl__dc_sort_order'.</msg>
<msg timestamp="20220312 12:54:53.987" level="INFO">The value is already selected</msg>
<msg timestamp="20220312 12:54:53.987" level="INFO">Typing text 'Alleghany Corporation Group - Fair American Insurance and Reinsurance Company' into text field 'id:ctl00__MainContent_ucDataCtrl__dc_org_carrier_uid'.</msg>
<msg timestamp="20220312 12:54:55.171" level="INFO">Slept 1 second</msg>
<msg timestamp="20220312 12:54:55.172" level="INFO">Sending key(s) ('ARROW_DOWN',) to id:ctl00__MainContent_ucDataCtrl__dc_org_carrier_uid element.</msg>
<msg timestamp="20220312 12:54:55.451" level="INFO">Pressing special key ARROW_DOWN to element.</msg>
<msg timestamp="20220312 12:54:55.451" level="INFO">Releasing special key ARROW_DOWN.</msg>
<msg timestamp="20220312 12:54:56.460" level="INFO">Slept 1 second</msg>
<msg timestamp="20220312 12:54:56.461" level="INFO">Sending key(s) ('RETURN',) to id:ctl00__MainContent_ucDataCtrl__dc_org_carrier_uid element.</msg>
<msg timestamp="20220312 12:54:56.736" level="INFO">Pressing special key RETURN to element.</msg>
<msg timestamp="20220312 12:54:56.736" level="INFO">Releasing special key RETURN.</msg>
<msg timestamp="20220312 12:54:56.820" level="INFO">Clicking element 'id:ctl00__MainContent_ucDataCtrl__dc_program_code'.</msg>
<msg timestamp="20220312 12:54:58.875" level="INFO">Clicking element 'xpath://li[@class="rddlItem" and text()="Excess D&amp;O liability, public companies"]'.</msg>
<msg timestamp="20220312 12:54:58.957" level="INFO">Clicking element 'id:ctl00__MainContent_ucDataCtrl__dc_policy_kind'.</msg>
<msg timestamp="20220312 12:55:01.287" level="INFO">Clicking element 'xpath://li[@class="rddlItem" and text()="Claims Made"]'.</msg>
<msg timestamp="20220312 12:55:01.338" level="INFO">Typing text '429436' into text field 'id:ctl00__MainContent_ucDataCtrl__dc_premium'.</msg>
<msg timestamp="20220312 12:55:01.465" level="INFO">Clicking element 'id:ctl00__MainContent_ucDataCtrl__dc_schedule_underlying_policy'.</msg>
<msg timestamp="20220312 12:55:03.516" level="INFO">Clicking element 'xpath://li[@class="rddlItem" and text()="Yes"]'.</msg>
<msg timestamp="20220312 12:55:03.565" level="INFO">Clicking element 'id:ctl00__MainContent_ucDataCtrl_ucRiskCoverageControl_gvRiskGrid_ctl00_ctl04_chkSelected'.</msg>
<msg timestamp="20220312 12:55:03.627" level="INFO">Typing text '20000000' into text field 'id:ctl00__MainContent_ucDataCtrl_ucRiskCoverageControl_gvRiskGrid_ctl00_ctl04_txtLIMITS'.</msg>
<msg timestamp="20220312 12:55:03.725" level="INFO">Typing text '5000000' into text field 'id:ctl00__MainContent_ucDataCtrl_ucRiskCoverageControl_gvRiskGrid_ctl00_ctl04_txtDEDUCTIBLE'.</msg>
<msg timestamp="20220312 12:55:03.832" level="INFO">Clicking button 'id:ctl00__MainContent_ucDataCtrl_btnSave_input'.</msg>
<msg timestamp="20220312 12:55:08.480" level="INFO">Slept 2 seconds</msg>
<status status="PASS" starttime="20220312 12:54:31.463" endtime="20220312 12:55:08.480"/>
</kw>
<kw name="Save Layers" library="OMSKeywords_UnderlyingPolicies">
<msg timestamp="20220312 12:55:08.481" level="INFO">Clicking button 'id:ctl00__MainContent_btnNext_input'.</msg>
<msg timestamp="20220312 12:55:14.493" level="INFO">Slept 2 seconds</msg>
<msg timestamp="20220312 12:55:14.550" level="INFO">Element 'id:ctl00__MainContent_ucMessages_divInfoBox' contains text 'Record has been saved'.</msg>
<status status="PASS" starttime="20220312 12:55:08.481" endtime="20220312 12:55:14.550"/>
</kw>
<status status="PASS" starttime="20220312 12:54:25.668" endtime="20220312 12:55:14.550"/>
</test>
<test id="s1-t7" name="Quotations">
<kw name="Go To Quotations" library="OMSKeywords_Quotations">
<msg timestamp="20220312 12:55:14.552" level="INFO">Clicking element 'xpath://*[@id="ctl00__MainContent_mnuDataTabs"]/ul/li[6]/a/span'.</msg>
<status status="PASS" starttime="20220312 12:55:14.551" endtime="20220312 12:55:15.627"/>
</kw>
<kw name="Add Organization" library="OMSKeywords_Quotations">
<msg timestamp="20220312 12:55:15.724" level="INFO">Element 'id:ctl00MainContent_uc_QuoteWrapper_QuoteListControl_radgvHeaders_ctl00' contains text 'Excess Follow form'.</msg>
<msg timestamp="20220312 12:55:15.724" level="INFO">Select the existing record, do not create new one</msg>
<status status="PASS" starttime="20220312 12:55:15.627" endtime="20220312 12:55:15.724"/>
</kw>
<kw name="Select Quote" library="OMSKeywords_Quotations">
<msg timestamp="20220312 12:55:15.725" level="INFO">Clicking element 'id:ctl00MainContent_uc_QuoteWrapper_QuoteListControl_radgvHeaders_ctl00__0'.</msg>
<status status="PASS" starttime="20220312 12:55:15.725" endtime="20220312 12:55:19.059"/>
</kw>
<kw name="Enter Range State Elements" library="OMSKeywords_Quotations">
<msg timestamp="20220312 12:55:19.126" level="INFO">Clicking element 'id:ctl00__MainContent_uc_QuoteWrapper_QuotationControl_rptrPolicyLobs_ctl01_gvDefineFormulaUnit_ctl04_ddlrptQuestionsAnswer'.</msg>
<msg timestamp="20220312 12:55:21.185" level="INFO">Clicking element 'xpath://li[@class="rddlItem" and text()="Low/Medium Risk 60%"]'.</msg>
<msg timestamp="20220312 12:55:21.236" level="INFO">Typing text '60' into text field 'id:ctl00__MainContent_uc_QuoteWrapper_QuotationControl_rptrPolicyLobs_ctl01_gvDefineFormulaUnit_ctl04_txtrptQuestionsAnswer2'.</msg>
<status status="PASS" starttime="20220312 12:55:19.060" endtime="20220312 12:55:21.349"/>
</kw>
<kw name="Add Schedule Rating" library="OMSKeywords_Quotations">
<msg timestamp="20220312 12:55:21.418" level="INFO">Typing text '5' into text field 'id:ctl00__MainContent_uc_QuoteWrapper_QuotationControl_rptrPolicyLobs_ctl01_gvDefineFormulaUnit_ctl05_txtrptQuestionsAnswer'.</msg>
<msg timestamp="20220312 12:55:21.527" level="INFO">Typing text '5' into text field 'id:ctl00__MainContent_uc_QuoteWrapper_QuotationControl_rptrPolicyLobs_ctl01_gvDefineFormulaUnit_ctl05_txtrptQuestionsAnswer2'.</msg>
<msg timestamp="20220312 12:55:21.634" level="INFO">Typing text '5' into text field 'id:ctl00__MainContent_uc_QuoteWrapper_QuotationControl_rptrPolicyLobs_ctl01_gvDefineFormulaUnit_ctl06_txtrptQuestionsAnswer'.</msg>
<msg timestamp="20220312 12:55:21.736" level="INFO">Typing text '5' into text field 'id:ctl00__MainContent_uc_QuoteWrapper_QuotationControl_rptrPolicyLobs_ctl01_gvDefineFormulaUnit_ctl06_txtrptQuestionsAnswer2'.</msg>
<msg timestamp="20220312 12:55:21.842" level="INFO">Typing text '15' into text field 'id:ctl00__MainContent_uc_QuoteWrapper_QuotationControl_rptrPolicyLobs_ctl01_gvDefineFormulaUnit_ctl07_txtrptQuestionsAnswer'.</msg>
<msg timestamp="20220312 12:55:21.951" level="INFO">Typing text '65' into text field 'id:ctl00__MainContent_uc_QuoteWrapper_QuotationControl_rptrPolicyLobs_ctl01_gvDefineFormulaUnit_ctl07_txtrptQuestionsAnswer2'.</msg>
<msg timestamp="20220312 12:55:22.091" level="INFO">Clicking element 'id:ctl00__MainContent_uc_QuoteWrapper_QuotationControl_rptrPolicyLobs_ctl01_gvDefineFormulaUnit_ctl08_ddlrptQuestionsAnswer'.</msg>
<msg timestamp="20220312 12:55:24.141" level="INFO">Clicking element 'xpath://li[@class="rddlItem" and text()="1 year"]'.</msg>
<msg timestamp="20220312 12:55:24.193" level="INFO">Typing text '1' into text field 'id:ctl00__MainContent_uc_QuoteWrapper_QuotationControl_rptrPolicyLobs_ctl01_gvDefineFormulaUnit_ctl08_txtrptQuestionsAnswer2'.</msg>
<msg timestamp="20220312 12:55:24.332" level="INFO">Clicking element 'id:ctl00__MainContent_uc_QuoteWrapper_QuotationControl_rptrPolicyLobs_ctl01_gvDefineFormulaUnit_ctl09_ddlrptQuestionsAnswer'.</msg>
<msg timestamp="20220312 12:55:26.555" level="INFO">Clicking element 'xpath://li[@class="rddlItem" and text()="1 year"]'.</msg>
<msg timestamp="20220312 12:55:26.603" level="INFO">Typing text '1' into text field 'id:ctl00__MainContent_uc_QuoteWrapper_QuotationControl_rptrPolicyLobs_ctl01_gvDefineFormulaUnit_ctl09_txtrptQuestionsAnswer2'.</msg>
<msg timestamp="20220312 12:55:26.718" level="INFO">Typing text '0.8' into text field 'id:ctl00__MainContent_uc_QuoteWrapper_QuotationControl_rptrPolicyLobs_ctl01_gvDefineFormulaUnit_ctl10_txtrptQuestionsAnswer2'.</msg>
<msg timestamp="20220312 12:55:26.832" level="INFO">Typing text '10' into text field 'id:ctl00__MainContent_uc_QuoteWrapper_QuotationControl_rptrPolicyLobs_ctl01_gvDefineFormulaUnit_ctl11_txtrptQuestionsAnswer'.</msg>
<msg timestamp="20220312 12:55:26.938" level="INFO">Typing text '10' into text field 'id:ctl00__MainContent_uc_QuoteWrapper_QuotationControl_rptrPolicyLobs_ctl01_gvDefineFormulaUnit_ctl11_txtrptQuestionsAnswer2'.</msg>
<msg timestamp="20220312 12:55:27.072" level="INFO">The value is already selected</msg>
<status status="PASS" starttime="20220312 12:55:21.349" endtime="20220312 12:55:27.072"/>
</kw>
<kw name="Enter Coverage" library="OMSKeywords_Quotations">
<msg timestamp="20220312 12:55:27.107" level="INFO">Clicking element 'id:ctl00__MainContent_uc_QuoteWrapper_QuotationControl_rptrPolicyLobs_ctl01_gvDefineLevel2_ctl00_ctl04_chkSelected'.</msg>
<msg timestamp="20220312 12:55:27.175" level="INFO">Typing text '15000000' into text field 'id:ctl00__MainContent_uc_QuoteWrapper_QuotationControl_rptrPolicyLobs_ctl01_gvDefineLevel2_ctl00_ctl04_txtLIMITS'.</msg>
<msg timestamp="20220312 12:55:27.291" level="INFO">Typing text '5000000' into text field 'id:ctl00__MainContent_uc_QuoteWrapper_QuotationControl_rptrPolicyLobs_ctl01_gvDefineLevel2_ctl00_ctl04_txtDEDUCTIBLE'.</msg>
<msg timestamp="20220312 12:55:29.406" level="INFO">Slept 2 seconds</msg>
<status status="PASS" starttime="20220312 12:55:27.072" endtime="20220312 12:55:29.406"/>
</kw>
<kw name="Save And Price" library="OMSKeywords_Quotations">
<msg timestamp="20220312 12:55:29.407" level="INFO">Clicking button 'id:ctl00__MainContent_uc_QuoteWrapper_QuotationControl_cmdSaveAndPriceQuote_input'.</msg>
<msg timestamp="20220312 12:55:42.801" level="INFO">Slept 2 seconds</msg>
<msg timestamp="20220312 12:55:42.826" level="INFO">Element 'id:ctl00__MainContent_ucMessages_divInfoBox' contains text 'Quotation has been saved !!'.</msg>
<status status="PASS" starttime="20220312 12:55:29.406" endtime="20220312 12:55:42.826"/>
</kw>
<status status="PASS" starttime="20220312 12:55:14.551" endtime="20220312 12:55:42.827"/>
</test>
<doc>Simple example using SeleniumLibrary</doc>
<status status="PASS" starttime="20220312 12:50:56.881" endtime="20220312 12:55:42.828"/>
</suite>
<statistics>
<total>
<stat pass="7" fail="0" skip="0">All Tests</stat>
</total>
<tag>
</tag>
<suite>
<stat pass="7" fail="0" skip="0" id="s1" name="OpenExistingSubmission">OpenExistingSubmission</stat>
</suite>
</statistics>
<errors>
</errors>
</robot>
